make.exe all --print-data-base --no-builtin-variables --no-builtin-rules --question
# GNU Make 3.81
# Copyright (C) 2006  Free Software Foundation, Inc.
# This is free software; see the source for copying conditions.
# There is NO warranty; not even for MERCHANTABILITY or FITNESS FOR A
# PARTICULAR PURPOSE.

# This program built for i386-pc-mingw32
 

# Make data base, printed on Thu Jun 02 23:14:50 2022

# Variables

# environment
POWERSHELL_DISTRIBUTION_CHANNEL = MSI:Windows 10 Home
# automatic
?F = $(notdir $?)
# environment
QTMSBUILD = C:\Users\tjlou\AppData\Local\QtMsBuild
# automatic
<D = $(patsubst %/,%,$(dir $<))
# environment
WSLENV = BASH_ENV/u
# environment
ELECTRON_NO_ATTACH_CONSOLE = 1
# makefile
MAKEFLAGS = Rrqp
# environment
VSCODE_LOG_NATIVE = false
# automatic
?D = $(patsubst %/,%,$(dir $?))
# automatic
@D = $(patsubst %/,%,$(dir $@))
# 
 environment
HOMEDRIVE = C:
# automatic
@F = $(notdir $@)
# automatic
^D = $(patsubst %/,%,$(dir $^))
# makefile
CURDIR := g:/dev/pn
# default
SHELL := sh.exe
# environment
WINDIR = C:\Windows
# environment
VSCODE_NLS_CONFIG = {"locale":"en-us","availableLanguages":{},"_languagePackSupport":true}
# environment
ONEDRIVE = C:\Users\tjlou\OneDrive
# environment
PATHEXT = .COM;.EXE;.BAT;.CMD;.VBS;.VBE;.JS;.JSE;.WSF;.WSH;.MSC
# makefile (from `makefile', line 1)
MAKEFILE_LIST :=  makefile
# environment
TMP = C:\Users\tjlou\AppData\Local\Temp
# environment
NEKO_INSTPATH = C:\HaxeToolkit\neko
# environment
VSCODE_VERBOSE_LOGGING = true
# environment
PROGRAMW6432 = C:\Program Files
# environment
PROGRAMDATA = C:\ProgramData
# environment
VSCODE_IPC_HOOK_EXTHOST = \\.\pipe\vscode-ipc-d2de01d7-11e0-4b95-80d3-ec68b99e0d88-sock
# environment
VSCODE_CWD = C:\Users\tjlou
# environment
PATH = C:\Program Files\Eclipse Adoptium\jdk-17.0.3.7-hotspot\bin;C:\Program Files\NVIDIA GPU Computing Toolkit\CUDA\v11.7\bin;C:\Program Files\NVIDIA GPU Computing Toolkit\CUDA\v11.7\libnvvp;C:\Program Files\Common Files\Oracle\Java\javapath;C:\Program Files (x86)\Common Files\Oracle\Java\javapath;C:\Windows\system32;C:\Windows;C:\Windows\System32\Wbem;C:\Windows\System32\WindowsPowerShell\v1.0\;C:\Windows\System32\OpenSSH\;C:\Program Files (x86)\NVIDIA Corporation\PhysX\Common;C:\Program Files\Microsoft SQL Server\150\Tools\Binn\;C:\Program Files\Microsoft SQL Server\Client SDK\ODBC\170\Tools\Binn\;C:\Program Files\dotnet\;C:\Program Files (x86)\QuickTime\QTSystem\;C:\Qt\Tools\mingw1120_64\bin;C:\Qt\6.2.4\mingw_64\bin;C:\Program Files\NVIDIA Corporation\Nsight Compute 2022.2.0\;C:\Program Files\NVIDIA GPU Computing Toolkit\CUDA\v11.7\bin;C:\Program Files\NVIDIA\CUDNN\v8.3\bin;C:\Program Files\Microsoft Visual Studio\2022\Community\VC\Tools\MSVC\14.31.31103\bin\Hostx64\x64;C:\Program Files\PowerShell\7\;C:\Program Files\Git\cmd;C:\HaxeToolkit\haxe;C:\HaxeToolkit\neko;C:\Program Files\Docker\Docker\resources\bin;C:\ProgramData\DockerDesktop\version-bin;C:\Program Files\NVIDIA Corporation\NVIDIA NvDLISR;C:\Users\tjlou\AppData\Local\Microsoft\WindowsApps;C:\Users\tjlou\.dotnet\tools;C:\Users\tjlou\AppData\Local\Programs\Microsoft VS Code\bin;C:\Users\tjlou\AppData\Local\atom\bin;C:\Program Files\JetBrains\IntelliJ IDEA Community Edition 2022.1.1\bin;;C:\Users\tjlou\AppData\Local\Programs\oh-my-posh\bin;C:\Program Files (x86)\GnuWin32\bin;
# environment
COMMONPROGRAMW6432 = C:\Program Files\Common Files
# environment
PROCESSOR_ARCHITECTURE = x86
# env 
ironment
USERPROFILE = C:\Users\tjlou
# environment
BASH_ENV = /etc/bash.bashrc
# environment
ALLUSERSPROFILE = C:\ProgramData
# environment
VSCODE_LOG_STACK = false
# environment
NUMBER_OF_PROCESSORS = 12
# environment
ELECTRON_RUN_AS_NODE = 1
# default
.FEATURES := target-specific order-only second-expansion else-if archives
# environment
NVTOOLSEXT_PATH = C:\Program Files\NVIDIA Corporation\NvToolsExt\
# automatic
%F = $(notdir $%)
# environment
POSH_THEMES_PATH = C:\Users\tjlou\AppData\Local\Programs\oh-my-posh\themes
# environment
CHROME_CRASHPAD_PIPE_NAME = \\.\pipe\crashpad_9752_PHPPIGEJPLOYNPXG
# environment
VSCODE_PIPE_LOGGING = true
# environment
COMPUTERNAME = TJPC
# environment
PROGRAMFILES = C:\Program Files (x86)
# environment
DRIVERDATA = C:\Windows\System32\Drivers\DriverData
# environment
HAXEPATH = C:\HaxeToolkit\haxe
# environment
ORIGINAL_XDG_CURRENT_DESKTOP = undefined
# environment
USERNAME = tjlou
# environment
PUBLIC = C:\Users\Public
# environment
VSCODE_AMD_ENTRYPOINT = vs/workbench/ 
api/node/extensionHostProcess
# environment
VSCODE_CLI = 1
# environment
VSCODE_CODE_CACHE_PATH = C:\Users\tjlou\AppData\Roaming\Code\CachedData\c3511e6c69bb39013c4a4b7b9566ec1ca73fc4d5
# environment
APPLICATION_INSIGHTS_NO_DIAGNOSTIC_CHANNEL = 1
# environment
COMMONPROGRAMFILES = C:\Program Files (x86)\Common Files
# environment
LOGONSERVER = \\TJPC
# environment
ONEDRIVECONSUMER = C:\Users\tjlou\OneDrive
# environment
VSCODE_HANDLES_UNCAUGHT_ERRORS = true
# environment
USERDOMAIN = TJPC
# environment
INTE 
LLIJ IDEA COMMUNITY EDITION = C:\Program Files\JetBrains\IntelliJ IDEA Community Edition 2022.1.1\bin;
# default
MAKE = $(MAKE_COMMAND)
# default
MAKECMDGOALS := all
# default
MAKE_VERSION := 3.81
# makefile
.DEFAULT_GOAL := all
# environment
ACSVCPORT = 17532
# environment
PROGRAMFILES(X86) = C:\Program Files (x86)
# automatic
%D = $(patsubst %/,%,$(dir $%))
# environment
LOCALAPPDATA = C:\Users\tjlou\AppData\Local
# environment
PSMODULEPATH = C:\Program Files\WindowsPowerShell\Modules;C:\Windows\system32\ 
WindowsPowerShell\v1.0\Modules
# default
MAKE_COMMAND := make.exe
# environment
PROCESSOR_ARCHITEW6432 = AMD64
# default
.VARIABLES := 
# automatic
*F = $(notdir $*)
# environment
PROCESSOR_IDENTIFIER = AMD64 Family 25 Model 80 Stepping 0, AuthenticAMD
# environment
OS = Windows_NT
# environment
VSCODE_IPC_HOOK = \\.\pipe\03ea29ee83d2d2ec01e3cccbb11c00f1-1.67.2-main-sock
# environment
HOMEPATH = \Users\tjlou
# environment
COMMONPROGRAMFILES(X86) = C:\Program Files (x86)\Common Files
# environment
PROMPT = $ 
P$G
# environment
MFLAGS = -Rrqp
# automatic
*D = $(patsubst %/,%,$(dir $*))
# environment
SYSTEMROOT = C:\Windows
# automatic
+D = $(patsubst %/,%,$(dir $+))
# automatic
+F = $(notdir $+)
# environment
APPDATA = C:\Users\tjlou\AppData\Roaming
# environment
TEMP = C:\Users\tjlou\AppData\Local\Temp
# environment
COMSPEC = C:\Windows\system32\cmd.exe
# default
MAKEFILES := 
# automatic
<F = $(notdir $<)
# environment
LC_ALL = C
# automatic
^F = $(notdir $^)
# environment
CUDA_PATH = C:\Program Files\NVIDIA GP 
U Computing Toolkit\CUDA\v11.7
# default
SUFFIXES := 
# environment
SYSTEMDRIVE = C:
# environment
SESSIONNAME = Console
# environment
PROCESSOR_REVISION = 5000
# environment
MAKELEVEL := 0
# environment
CUDA_PATH_V11_7 = C:\Program Files\NVIDIA GPU Computing Toolkit\CUDA\v11.7
# environment
LANG = C
# environment
PROCESSOR_LEVEL = 25
# environment
VSCODE_PID = 9752
# environment
USERDOMAIN_ROAMINGPROFILE = TJPC
# variable set hash-table stats:
# Load=101/1024=10%, Rehash=0, Collisions=10/123=8%

# Pattern- 
specific Variable Values

# No pattern-specific variable values.

# Directories

# : could not be stat'd.
# C:\Users\tjlou\AppData\Local\Microsoft\WindowsApps (key C:/Users/tjlou/AppData/Local/Microsoft/WindowsApps, mtime 1654132452): 30 files, no impossibilities.
# C:\Program Files\Common Files\Oracle\Java\javapath (key C:/Program Files/Common Files/Oracle/Java/javapath, mtime 1651346825): 6 files, no impossibilities.
# C:\Program Files\Docker\Docker\resources\bin (key C:/Program Files/Docker/Docker/resour 
ces/bin, mtime 1653788717): 13 files, no impossibilities.
# C:\Program Files\Microsoft SQL Server\150\Tools\Binn\ (key C:/Program Files/Microsoft SQL Server/150/Tools/Binn/, mtime 1651183551): 4 files, no impossibilities.
# C:\Windows\System32\WindowsPowerShell\v1.0\ (key C:/Windows/System32/WindowsPowerShell/v1.0/, mtime 1622898672): 30 files, no impossibilities.
# C:\Windows\System32\Wbem (key C:/Windows/System32/Wbem, mtime 1622899034): 154 files, no impossibilities.
# . (key g:/dev/pn, mtime 1654129939) 
: 11 files, no impossibilities.
# C:\Program Files\NVIDIA GPU Computing Toolkit\CUDA\v11.7\libnvvp (key C:/Program Files/NVIDIA GPU Computing Toolkit/CUDA/v11.7/libnvvp, mtime 1652495091): 14 files, no impossibilities.
# C:\Program Files (x86)\NVIDIA Corporation\PhysX\Common (key C:/Program Files (x86)/NVIDIA Corporation/PhysX/Common, mtime 1644065090): 10 files, no impossibilities.
# C:\Program Files\JetBrains\IntelliJ IDEA Community Edition 2022.1.1\bin (key C:/Program Files/JetBrains/IntelliJ IDEA Commun 
ity Edition 2022.1.1/bin, mtime 1653417022): 31 files, no impossibilities.
# C:\Program Files\dotnet\ (key C:/Program Files/dotnet/, mtime 1651183585): 12 files, no impossibilities.
# C:\Program Files\Eclipse Adoptium\jdk-17.0.3.7-hotspot\bin (key C:/Program Files/Eclipse Adoptium/jdk-17.0.3.7-hotspot/bin, mtime 1653352991): 122 files, no impossibilities.
# C:\Program Files (x86)\QuickTime\QTSystem\ (key C:/Program Files (x86)/QuickTime/QTSystem/, mtime 1651360201): 61 files, no impossibilities.
# C:\Progra 
m Files\NVIDIA Corporation\Nsight Compute 2022.2.0\ (key C:/Program Files/NVIDIA Corporation/Nsight Compute 2022.2.0/, mtime 1652495003): 12 files, no impossibilities.
# C:\Program Files\PowerShell\7\ (key C:/Program Files/PowerShell/7/, mtime 1653441580): 478 files, no impossibilities.
# C:\Windows\System32\OpenSSH\: could not be stat'd.
# C:\Users\tjlou\AppData\Local\atom\bin (key C:/Users/tjlou/AppData/Local/atom/bin, mtime 1653104837): 6 files, no impossibilities.
# C:\Program Files (x86)\Common Files\O 
racle\Java\javapath (key C:/Program Files (x86)/Common Files/Oracle/Java/javapath, mtime 1651186998): 5 files, no impossibilities.
# C:\Program Files\Microsoft Visual Studio\2022\Community\VC\Tools\MSVC\14.31.31103\bin\Hostx64\x64 (key C:/Program Files/Microsoft Visual Studio/2022/Community/VC/Tools/MSVC/14.31.31103/bin/Hostx64/x64, mtime 1651184365): 70 files, no impossibilities.
# C:\Program Files\NVIDIA GPU Computing Toolkit\CUDA\v11.7\bin (key C:/Program Files/NVIDIA GPU Computing Toolkit/CUDA/v11.7/bin 
, mtime 1652495103): 45 files, no impossibilities.
# C:\Windows (key C:/Windows, mtime 1653857664): 117 files, no impossibilities.
# C:\Program Files\Microsoft SQL Server\Client SDK\ODBC\170\Tools\Binn\ (key C:/Program Files/Microsoft SQL Server/Client SDK/ODBC/170/Tools/Binn/, mtime 1651183553): 7 files, no impossibilities.
# C:\Users\tjlou\AppData\Local\Programs\Microsoft VS Code\bin (key C:/Users/tjlou/AppData/Local/Programs/Microsoft VS Code/bin, mtime 1654129983): 4 files, no impossibilities.
# C:\Qt\T 
ools\mingw1120_64\bin (key C:/Qt/Tools/mingw1120_64/bin, mtime 1647951669): 61 files, no impossibilities.
# C:\Users\tjlou\.dotnet\tools: could not be stat'd.
# C:\ProgramData\DockerDesktop\version-bin: could not be stat'd.
# C:\Program Files\Git\cmd (key C:/Program Files/Git/cmd, mtime 1653442090): 8 files, no impossibilities.
# C:\Windows\system32 (key C:/Windows/system32, mtime 1654215350): 3069 files, no impossibilities.
# C:\Users\tjlou\AppData\Local\Programs\oh-my-posh\bin (key C:/Users/tjlou/AppData/ 
Local/Programs/oh-my-posh/bin, mtime 1653441636): 3 files, no impossibilities.
# C:\Qt\6.2.4\mingw_64\bin (key C:/Qt/6.2.4/mingw_64/bin, mtime 1651350130): 109 files, no impossibilities.
# C:\HaxeToolkit\neko (key C:/HaxeToolkit/neko, mtime 1653515839): 27 files, no impossibilities.
# C:\HaxeToolkit\haxe (key C:/HaxeToolkit/haxe, mtime 1653518749): 20 files, no impossibilities.
# C:\Program Files\NVIDIA\CUDNN\v8.3\bin (key C:/Program Files/NVIDIA/CUDNN/v8.3/bin, mtime 1652556904): 9 files, no impossibilitie 
s.
# C:\Program Files\NVIDIA Corporation\NVIDIA NvDLISR (key C:/Program Files/NVIDIA Corporation/NVIDIA NvDLISR, mtime 1653792057): 5 files, no impossibilities.
# C:\Program Files (x86)\GnuWin32\bin (key C:/Program Files (x86)/GnuWin32/bin, mtime 1654219487): 5 files, no impossibilities.

# 4558 files, no impossibilities in 36 directories.

# Implicit Rules

# No implicit rules.

# Files

all:
#  Command-line target.
#  Implicit rule search has not been done.
#  Implicit/static pattern stem: `'
#  File does 
 not exist.
#  File has been updated.
#  Needs to be updated (-q is set).
# automatic
# @ := all
# automatic
# % := 
# automatic
# * := 
# automatic
# + := 
# automatic
# | := 
# automatic
# < := 
# automatic
# ^ := 
# automatic
# ? := 
# variable set hash-table stats:
# Load=8/32=25%, Rehash=0, Collisions=1/10=10%
#  commands to execute (from `makefile', line 2):
	gcc -Iinclude -Llib -o ez8 main.c -lmingw32 -lSDL2main -lSDL2
	

# Not a target:
.DEFAULT:
#  Implicit rule search has not been done.
#  Modification time never checked.
#  File has not been updated.

# Not a target:
makefile:
#  Implicit rule search has been done.
#  Last modified 2022-06-02 23:14:50
#  File has been updated.
#  Successfully updated.
# variable set hash-table stats:
# Load=0/32=0%, Rehash=0, Collisions=0/0=0%

# Not a target:
.SUFFIXES:
#  Implicit rule search has not been done.
#  Modification time never checked.
#  File has not been updated.

run:
#  Implicit rule search has not been done.
#  Modification time never checked.
#  File has not been updated.
#  commands to execute (from `makefile', line 6):
	gcc -Iinclude -Llib -o ez8 main.c -lmingw32 -lSDL2main -lSDL2
	ez8 test_opcode.ch8
	

clean:
#  Implicit rule search has not been done.
#  Modification time never checked.
#  File has not been updated.
#  commands to execute (from `makefile', line 4):
	del ez8.exe
	

# files hash-table stats:
# Load=6/1024=1%, Rehash=0, Collisions=0/19=0%
# VPATH Search Paths

# No `vpath' search paths.

# No general (`VPATH' variable) search path 
.

# # of strings in strcache: 1
# # of strcache buffers: 1
# strcache size: total = 4096 / max = 4096 / min = 4096 / avg = 4096
# strcache free: total = 4087 / max = 4087 / min = 4087 / avg = 4087

# Finished Make data base on Thu Jun 02 23:14:50 2022

 
